<?xml version="1.0" encoding="UTF-8"?>
<testng-results ignored="0" total="1" passed="1" failed="0" skipped="0">
  <reporter-output>
  </reporter-output>
  <suite started-at="2025-07-19T16:08:37 IST" name="FireSolution_V1" finished-at="2025-07-19T16:08:54 IST" duration-ms="16671">
    <groups>
    </groups>
    <test started-at="2025-07-19T16:08:37 IST" name="FireSolution Test" finished-at="2025-07-19T16:08:54 IST" duration-ms="16671">
      <class name="Com.FireSolution_TestCase.TC_SignPage_001">
        <test-method is-config="true" signature="setup(java.lang.String)[pri:0, instance:Com.FireSolution_TestCase.TC_SignPage_001@6f03482]" started-at="2025-07-19T16:08:37 IST" name="setup" finished-at="2025-07-19T16:08:49 IST" duration-ms="12300" status="PASS">
          <params>
            <param index="0">
              <value>
                <![CDATA[edge]]>
              </value>
            </param>
          </params>
          <reporter-output>
          </reporter-output>
        </test-method> <!-- setup -->
        <test-method signature="SignTest()[pri:0, instance:Com.FireSolution_TestCase.TC_SignPage_001@6f03482]" started-at="2025-07-19T16:08:49 IST" name="SignTest" finished-at="2025-07-19T16:08:54 IST" duration-ms="4324" status="PASS">
          <reporter-output>
          </reporter-output>
        </test-method> <!-- SignTest -->
      </class> <!-- Com.FireSolution_TestCase.TC_SignPage_001 -->
    </test> <!-- FireSolution Test -->
  </suite> <!-- FireSolution_V1 -->
</testng-results>
