<?xml version="1.0" encoding="UTF-8"?>
<!-- Generated by org.testng.reporters.JUnitReportReporter -->
<testsuite hostname="DESKTOP-NODRDKI" failures="0" tests="1" name="Com.FireSolution_TestCase.TC_Administration_AssignSite_009" time="11.434" errors="0" timestamp="2025-01-01T22:28:43 IST" skipped="0">
  <testcase classname="Com.FireSolution_TestCase.TC_Administration_AssignSite_009" name="AssignSite" time="11.434"/>
</testsuite> <!-- Com.FireSolution_TestCase.TC_Administration_AssignSite_009 -->
