<?xml version="1.0" encoding="UTF-8"?>
<!-- Generated by org.testng.reporters.JUnitReportReporter -->
<testsuite hostname="LAPTOP-76KKUN77" failures="0" tests="1" name="Com.FireSolution_TestCase.TC_AddNewClient_002" time="19.363" errors="1" timestamp="2025-06-15T21:48:56 IST" skipped="0">
  <testcase classname="Com.FireSolution_TestCase.TC_AddNewClient_002" name="ClientMaster" time="19.363">
    <error message="element click intercepted: Element &lt;a class=&quot;mr-3 flex items-center&quot; onclick=&quot;AsignAdminuser(&#039;43&#039;)&quot;&gt;...&lt;/a&gt; is not clickable at point (1382, 330). Other element would receive the click: &lt;div data-tw-backdrop=&quot;&quot; aria-hidden=&quot;false&quot; tabindex=&quot;-1&quot; id=&quot;header-footer-modal-preview-Addadmin&quot; class=&quot;modal group bg-black/60 transition-[visibility,opacity] w-screen h-screen fixed left-0 top-0 [&amp;amp;:not(.show)]:duration-[0s,0.2s] [&amp;amp;:not(.show)]:delay-[0.2s,0s] [&amp;amp;:not(.show)]:invisible [&amp;amp;:not(.show)]:opacity-0 [&amp;amp;.show]:visible [&amp;amp;.show]:opacity-100 [&amp;amp;.show]:duration-[0s,0.4s] overflow-y-auto show&quot; style=&quot;margin-top: 0px; margin-left: 0px; padding-left: 0px; z-index: 10000;&quot;&gt;...&lt;/div&gt;
  (Session info: MicrosoftEdge=137.0.3296.83)
Build info: version: &#039;4.25.0&#039;, revision: &#039;8a8aea2337&#039;
System info: os.name: &#039;Windows 11&#039;, os.arch: &#039;amd64&#039;, os.version: &#039;10.0&#039;, java.version: &#039;21.0.7&#039;
Driver info: org.openqa.selenium.edge.EdgeDriver
Command: [3c413a18fad9bc503f1f610c61adcd0f, clickElement {id=f.4951D8B2EE8164BAFD240E25B4A2E2F4.d.966F174441A54A445602D9FB723B85CE.e.258}]
Capabilities {acceptInsecureCerts: false, browserName: MicrosoftEdge, browserVersion: 137.0.3296.83, fedcm:accounts: true, ms:edgeOptions: {debuggerAddress: localhost:53624}, msedge: {msedgedriverVersion: 137.0.3296.83 (24e00e9cccf2..., userDataDir: C:\Users\Hp\AppData\Local\T...}, networkConnectionEnabled: false, pageLoadStrategy: normal, platformName: windows, proxy: Proxy(), se:cdp: ws://localhost:53624/devtoo..., se:cdpVersion: 137.0.3296.83, setWindowRect: true, strictFileInteractability: false, timeouts: {implicit: 0, pageLoad: 300000, script: 30000}, unhandledPromptBehavior: dismiss and notify, webauthn:extension:credBlob: true, webauthn:extension:largeBlob: true, webauthn:extension:minPinLength: true, webauthn:extension:prf: true, webauthn:virtualAuthenticators: true}
Element: [[EdgeDriver: MicrosoftEdge on windows (3c413a18fad9bc503f1f610c61adcd0f)] -&gt; xpath:  //a[normalize-space()=&#039;Assign Admin&#039;]]
Session ID: 3c413a18fad9bc503f1f610c61adcd0f" type="org.openqa.selenium.ElementClickInterceptedException">
      <![CDATA[org.openqa.selenium.ElementClickInterceptedException: element click intercepted: Element <a class="mr-3 flex items-center" onclick="AsignAdminuser('43')">...</a> is not clickable at point (1382, 330). Other element would receive the click: <div data-tw-backdrop="" aria-hidden="false" tabindex="-1" id="header-footer-modal-preview-Addadmin" class="modal group bg-black/60 transition-[visibility,opacity] w-screen h-screen fixed left-0 top-0 [&amp;:not(.show)]:duration-[0s,0.2s] [&amp;:not(.show)]:delay-[0.2s,0s] [&amp;:not(.show)]:invisible [&amp;:not(.show)]:opacity-0 [&amp;.show]:visible [&amp;.show]:opacity-100 [&amp;.show]:duration-[0s,0.4s] overflow-y-auto show" style="margin-top: 0px; margin-left: 0px; padding-left: 0px; z-index: 10000;">...</div>
  (Session info: MicrosoftEdge=137.0.3296.83)
Build info: version: '4.25.0', revision: '8a8aea2337'
System info: os.name: 'Windows 11', os.arch: 'amd64', os.version: '10.0', java.version: '21.0.7'
Driver info: org.openqa.selenium.edge.EdgeDriver
Command: [3c413a18fad9bc503f1f610c61adcd0f, clickElement {id=f.4951D8B2EE8164BAFD240E25B4A2E2F4.d.966F174441A54A445602D9FB723B85CE.e.258}]
Capabilities {acceptInsecureCerts: false, browserName: MicrosoftEdge, browserVersion: 137.0.3296.83, fedcm:accounts: true, ms:edgeOptions: {debuggerAddress: localhost:53624}, msedge: {msedgedriverVersion: 137.0.3296.83 (24e00e9cccf2..., userDataDir: C:\Users\Hp\AppData\Local\T...}, networkConnectionEnabled: false, pageLoadStrategy: normal, platformName: windows, proxy: Proxy(), se:cdp: ws://localhost:53624/devtoo..., se:cdpVersion: 137.0.3296.83, setWindowRect: true, strictFileInteractability: false, timeouts: {implicit: 0, pageLoad: 300000, script: 30000}, unhandledPromptBehavior: dismiss and notify, webauthn:extension:credBlob: true, webauthn:extension:largeBlob: true, webauthn:extension:minPinLength: true, webauthn:extension:prf: true, webauthn:virtualAuthenticators: true}
Element: [[EdgeDriver: MicrosoftEdge on windows (3c413a18fad9bc503f1f610c61adcd0f)] -> xpath:  //a[normalize-space()='Assign Admin']]
Session ID: 3c413a18fad9bc503f1f610c61adcd0f
at java.base/jdk.internal.reflect.DirectConstructorHandleAccessor.newInstance(DirectConstructorHandleAccessor.java:62)
at java.base/java.lang.reflect.Constructor.newInstanceWithCaller(Constructor.java:502)
at java.base/java.lang.reflect.Constructor.newInstance(Constructor.java:486)
at org.openqa.selenium.remote.ErrorCodec.decode(ErrorCodec.java:167)
at org.openqa.selenium.remote.codec.w3c.W3CHttpResponseCodec.decode(W3CHttpResponseCodec.java:138)
at org.openqa.selenium.remote.codec.w3c.W3CHttpResponseCodec.decode(W3CHttpResponseCodec.java:50)
at org.openqa.selenium.remote.HttpCommandExecutor.execute(HttpCommandExecutor.java:190)
at org.openqa.selenium.remote.service.DriverCommandExecutor.invokeExecute(DriverCommandExecutor.java:216)
at org.openqa.selenium.remote.service.DriverCommandExecutor.execute(DriverCommandExecutor.java:174)
at org.openqa.selenium.remote.RemoteWebDriver.execute(RemoteWebDriver.java:545)
at org.openqa.selenium.remote.RemoteWebElement.execute(RemoteWebElement.java:223)
at org.openqa.selenium.remote.RemoteWebElement.click(RemoteWebElement.java:76)
at Com.FireSolution_TestCase.TC_AddNewClient_002.ClientMaster(TC_AddNewClient_002.java:99)
at java.base/jdk.internal.reflect.DirectMethodHandleAccessor.invoke(DirectMethodHandleAccessor.java:103)
at java.base/java.lang.reflect.Method.invoke(Method.java:580)
at org.testng.internal.invokers.MethodInvocationHelper.invokeMethod(MethodInvocationHelper.java:141)
at org.testng.internal.invokers.TestInvoker.invokeMethod(TestInvoker.java:686)
at org.testng.internal.invokers.TestInvoker.invokeTestMethod(TestInvoker.java:230)
at org.testng.internal.invokers.MethodRunner.runInSequence(MethodRunner.java:63)
at org.testng.internal.invokers.TestInvoker$MethodInvocationAgent.invoke(TestInvoker.java:992)
at org.testng.internal.invokers.TestInvoker.invokeTestMethods(TestInvoker.java:203)
at org.testng.internal.invokers.TestMethodWorker.invokeTestMethods(TestMethodWorker.java:154)
at org.testng.internal.invokers.TestMethodWorker.run(TestMethodWorker.java:134)
at java.base/java.util.ArrayList.forEach(ArrayList.java:1596)
at org.testng.TestRunner.privateRun(TestRunner.java:739)
at org.testng.TestRunner.run(TestRunner.java:614)
at org.testng.SuiteRunner.runTest(SuiteRunner.java:421)
at org.testng.SuiteRunner.runSequentially(SuiteRunner.java:413)
at org.testng.SuiteRunner.privateRun(SuiteRunner.java:373)
at org.testng.SuiteRunner.run(SuiteRunner.java:312)
at org.testng.SuiteRunnerWorker.runSuite(SuiteRunnerWorker.java:52)
at org.testng.SuiteRunnerWorker.run(SuiteRunnerWorker.java:95)
at org.testng.TestNG.runSuitesSequentially(TestNG.java:1274)
at org.testng.TestNG.runSuitesLocally(TestNG.java:1208)
at org.testng.TestNG.runSuites(TestNG.java:1112)
at org.testng.TestNG.run(TestNG.java:1079)
at org.testng.remote.AbstractRemoteTestNG.run(AbstractRemoteTestNG.java:115)
at org.testng.remote.RemoteTestNG.initAndRun(RemoteTestNG.java:293)
at org.testng.remote.RemoteTestNG.main(RemoteTestNG.java:91)
]]>
    </error>
  </testcase> <!-- ClientMaster -->
</testsuite> <!-- Com.FireSolution_TestCase.TC_AddNewClient_002 -->
