<?xml version="1.0" encoding="UTF-8"?>
<!-- Generated by org.testng.reporters.JUnitReportReporter -->
<testsuite hostname="DESKTOP-NODRDKI" failures="0" tests="1" name="Com.FireSolution_TestCase.TC_Administration_Companylist_004" time="11.842" errors="0" timestamp="2024-12-10T16:10:07 IST" skipped="0">
  <testcase classname="Com.FireSolution_TestCase.TC_Administration_Companylist_004" name="Companydetails" time="11.842"/>
</testsuite> <!-- Com.FireSolution_TestCase.TC_Administration_Companylist_004 -->
